0 silly argv {
0 silly argv   _: [ 'run' ],
0 silly argv   lernaVersion: '4.0.0',
0 silly argv   '$0': 'C:\\laragon\\bin\\nodejs\\node-v14\\node_modules\\lerna\\cli.js',
0 silly argv   script: 'build'
0 silly argv }
1 notice cli v4.0.0
2 verbose rootPath C:\Users\Sandesh\Local Sites\cf-pro\app\public\wp-content\plugins\ultimate-addons-for-gutenberg
3 error JSONError: Unexpected token "/" (0x2F) in JSON at position 638 while parsing near "... \"build/index.js\",\n\t// \"module\": \"build-..." in packages\controls\package.json
3 error
3 error [0m [90m 22 |[39m 	}[33m,[39m[0m
3 error [0m [90m 23 |[39m 	[32m"main"[39m[33m:[39m [32m"build/index.js"[39m[33m,[39m[0m
3 error [0m[31m[1m>[22m[39m[90m 24 |[39m 	[90m// "module": "build-module/index.js",[39m[0m
3 error [0m [90m    |[39m 	[31m[1m^[22m[39m[0m
3 error [0m [90m 25 |[39m 	[90m// "react-native": "src/index",[39m[0m
3 error [0m [90m 26 |[39m 	[90m// "sideEffects": [[39m[0m
3 error [0m [90m 27 |[39m 	[90m// 	"build-style/**",[39m[0m
3 error
3 error     at parseJson (C:\Users\Sandesh\Local Sites\cf-pro\app\public\wp-content\plugins\ultimate-addons-for-gutenberg\node_modules\parse-json\index.js:29:21)
3 error     at parse (C:\Users\Sandesh\Local Sites\cf-pro\app\public\wp-content\plugins\ultimate-addons-for-gutenberg\node_modules\@lerna\project\node_modules\load-json-file\index.js:15:9)
3 error     at module.exports (C:\Users\Sandesh\Local Sites\cf-pro\app\public\wp-content\plugins\ultimate-addons-for-gutenberg\node_modules\@lerna\project\node_modules\load-json-file\index.js:18:47)
